<?xml version="1.0" encoding="UTF-8"?>
<coverage generated="1734310503706" clover="3.2.0">
  <project timestamp="1734310503706" name="All files">
    <metrics statements="17" coveredstatements="16" conditionals="10" coveredconditionals="8" methods="6" coveredmethods="6" elements="33" coveredelements="30" complexity="0" loc="17" ncloc="17" packages="1" files="1" classes="1"/>
    <file name="investmentValidator.js" path="/home/neha/venture-captial-investment-api/src/utils/investmentValidator.js">
      <metrics statements="17" coveredstatements="16" conditionals="10" coveredconditionals="8" methods="6" coveredmethods="6"/>
      <line num="1" count="1" type="stmt"/>
      <line num="4" count="9" type="stmt"/>
      <line num="6" count="9" type="stmt"/>
      <line num="7" count="11" type="stmt"/>
      <line num="9" count="11" type="cond" truecount="2" falsecount="0"/>
      <line num="10" count="10" type="cond" truecount="3" falsecount="1"/>
      <line num="12" count="10" type="cond" truecount="3" falsecount="1"/>
      <line num="14" count="7" type="stmt"/>
      <line num="16" count="0" type="stmt"/>
      <line num="18" count="2" type="stmt"/>
      <line num="20" count="1" type="stmt"/>
      <line num="25" count="9" type="stmt"/>
      <line num="27" count="9" type="stmt"/>
      <line num="30" count="1" type="stmt"/>
      <line num="31" count="7" type="stmt"/>
      <line num="32" count="9" type="stmt"/>
      <line num="33" count="3" type="stmt"/>
    </file>
  </project>
</coverage>
