{"/home/neha/venture-captial-investment-api/src/utils/investmentValidator.js": {"path":"/home/neha/venture-captial-investment-api/src/utils/investmentValidator.js","statementMap":{"0":{"start":{"line":1,"column":15},"end":{"line":1,"column":32}},"1":{"start":{"line":4,"column":25},"end":{"line":4,"column":62}},"2":{"start":{"line":6,"column":30},"end":{"line":22,"column":4}},"3":{"start":{"line":7,"column":20},"end":{"line":7,"column":50}},"4":{"start":{"line":9,"column":4},"end":{"line":9,"column":54}},"5":{"start":{"line":9,"column":41},"end":{"line":9,"column":54}},"6":{"start":{"line":10,"column":4},"end":{"line":10,"column":64}},"7":{"start":{"line":10,"column":51},"end":{"line":10,"column":64}},"8":{"start":{"line":12,"column":4},"end":{"line":21,"column":5}},"9":{"start":{"line":14,"column":8},"end":{"line":14,"column":55}},"10":{"start":{"line":16,"column":8},"end":{"line":16,"column":57}},"11":{"start":{"line":18,"column":8},"end":{"line":18,"column":54}},"12":{"start":{"line":20,"column":8},"end":{"line":20,"column":20}},"13":{"start":{"line":25,"column":4},"end":{"line":26,"column":21}},"14":{"start":{"line":25,"column":45},"end":{"line":25,"column":61}},"15":{"start":{"line":27,"column":2},"end":{"line":27,"column":36}},"16":{"start":{"line":30,"column":0},"end":{"line":34,"column":2}},"17":{"start":{"line":31,"column":2},"end":{"line":33,"column":28}},"18":{"start":{"line":32,"column":22},"end":{"line":32,"column":72}},"19":{"start":{"line":33,"column":19},"end":{"line":33,"column":26}}},"fnMap":{"0":{"name":"checkBudgetRule","decl":{"start":{"line":3,"column":9},"end":{"line":3,"column":24}},"loc":{"start":{"line":3,"column":59},"end":{"line":28,"column":1}},"line":3},"1":{"name":"(anonymous_1)","decl":{"start":{"line":6,"column":52},"end":{"line":6,"column":53}},"loc":{"start":{"line":6,"column":61},"end":{"line":22,"column":3}},"line":6},"2":{"name":"(anonymous_2)","decl":{"start":{"line":25,"column":31},"end":{"line":25,"column":32}},"loc":{"start":{"line":25,"column":45},"end":{"line":25,"column":61}},"line":25},"3":{"name":"(anonymous_3)","decl":{"start":{"line":30,"column":29},"end":{"line":30,"column":30}},"loc":{"start":{"line":30,"column":68},"end":{"line":34,"column":1}},"line":30},"4":{"name":"(anonymous_4)","decl":{"start":{"line":32,"column":12},"end":{"line":32,"column":13}},"loc":{"start":{"line":32,"column":22},"end":{"line":32,"column":72}},"line":32},"5":{"name":"(anonymous_5)","decl":{"start":{"line":33,"column":9},"end":{"line":33,"column":10}},"loc":{"start":{"line":33,"column":19},"end":{"line":33,"column":26}},"line":33}},"branchMap":{"0":{"loc":{"start":{"line":9,"column":4},"end":{"line":9,"column":54}},"type":"if","locations":[{"start":{"line":9,"column":4},"end":{"line":9,"column":54}},{"start":{},"end":{}}],"line":9},"1":{"loc":{"start":{"line":10,"column":4},"end":{"line":10,"column":64}},"type":"if","locations":[{"start":{"line":10,"column":4},"end":{"line":10,"column":64}},{"start":{},"end":{}}],"line":10},"2":{"loc":{"start":{"line":10,"column":8},"end":{"line":10,"column":49}},"type":"binary-expr","locations":[{"start":{"line":10,"column":8},"end":{"line":10,"column":19}},{"start":{"line":10,"column":23},"end":{"line":10,"column":49}}],"line":10},"3":{"loc":{"start":{"line":12,"column":4},"end":{"line":21,"column":5}},"type":"switch","locations":[{"start":{"line":13,"column":6},"end":{"line":14,"column":55}},{"start":{"line":15,"column":6},"end":{"line":16,"column":57}},{"start":{"line":17,"column":6},"end":{"line":18,"column":54}},{"start":{"line":19,"column":6},"end":{"line":20,"column":20}}],"line":12}},"s":{"0":1,"1":9,"2":9,"3":11,"4":11,"5":1,"6":10,"7":0,"8":10,"9":7,"10":0,"11":2,"12":1,"13":9,"14":9,"15":9,"16":1,"17":7,"18":9,"19":3},"f":{"0":9,"1":11,"2":9,"3":7,"4":9,"5":3},"b":{"0":[1,10],"1":[0,10],"2":[10,8],"3":[7,0,2,1]},"inputSourceMap":null,"_coverageSchema":"1a1c01bbd47fc00a2c39e90264f33305004495a9","hash":"ade5d5722e4b5732abb343149db776162a56f4c8"}
}
