TN:
SF:src/utils/investmentValidator.js
FN:3,checkBudgetRule
FN:6,(anonymous_1)
FN:25,(anonymous_2)
FN:30,(anonymous_3)
FN:32,(anonymous_4)
FN:33,(anonymous_5)
FNF:6
FNH:6
FNDA:9,checkBudgetRule
FNDA:11,(anonymous_1)
FNDA:9,(anonymous_2)
FNDA:7,(anonymous_3)
FNDA:9,(anonymous_4)
FNDA:3,(anonymous_5)
DA:1,1
DA:4,9
DA:6,9
DA:7,11
DA:9,11
DA:10,10
DA:12,10
DA:14,7
DA:16,0
DA:18,2
DA:20,1
DA:25,9
DA:27,9
DA:30,1
DA:31,7
DA:32,9
DA:33,3
LF:17
LH:16
BRDA:9,0,0,1
BRDA:9,0,1,10
BRDA:10,1,0,0
BRDA:10,1,1,10
BRDA:10,2,0,10
BRDA:10,2,1,8
BRDA:12,3,0,7
BRDA:12,3,1,0
BRDA:12,3,2,2
BRDA:12,3,3,1
BRF:10
BRH:8
end_of_record
